d:\c++project\openglstart\drawmodel\debug\vc141.pdb
d:\c++project\openglstart\drawmodel\debug\vc141.idb
d:\c++project\openglstart\drawmodel\debug\shader.obj
d:\c++project\openglstart\drawmodel\debug\model.obj
d:\c++project\openglstart\drawmodel\debug\mesh.obj
d:\c++project\openglstart\drawmodel\debug\material.obj
d:\c++project\openglstart\drawmodel\debug\main.obj
d:\c++project\openglstart\drawmodel\debug\lightspot.obj
d:\c++project\openglstart\drawmodel\debug\lightpoint.obj
d:\c++project\openglstart\drawmodel\debug\lightdirection.obj
d:\c++project\openglstart\drawmodel\debug\camera.obj
d:\c++project\openglstart\debug\drawmodel.exe
d:\c++project\openglstart\debug\drawmodel.ilk
d:\c++project\openglstart\debug\drawmodel.pdb
d:\c++project\openglstart\drawmodel\debug\drawmodel.res
d:\c++project\openglstart\drawmodel\debug\drawmodel.tlog\cl.command.1.tlog
d:\c++project\openglstart\drawmodel\debug\drawmodel.tlog\cl.read.1.tlog
d:\c++project\openglstart\drawmodel\debug\drawmodel.tlog\cl.write.1.tlog
d:\c++project\openglstart\drawmodel\debug\drawmodel.tlog\link.command.1.tlog
d:\c++project\openglstart\drawmodel\debug\drawmodel.tlog\link.read.1.tlog
d:\c++project\openglstart\drawmodel\debug\drawmodel.tlog\link.write.1.tlog
d:\c++project\openglstart\drawmodel\debug\drawmodel.tlog\rc.command.1.tlog
d:\c++project\openglstart\drawmodel\debug\drawmodel.tlog\rc.read.1.tlog
d:\c++project\openglstart\drawmodel\debug\drawmodel.tlog\rc.write.1.tlog
